# JRE version: OpenJDK Runtime Environment (11.0.15) (build 11.0.15+0-b2043.56-9505619)
# Java VM: OpenJDK 64-Bit Server VM (11.0.15+0-b2043.56-9505619, mixed mode, tiered, compressed oops, g1 gc, windows-amd64)
Heap:
 garbage-first heap   total 395264K, used 216201K [0x0000000080000000, 0x0000000100000000)
  region size 1024K, 1 young (1024K), 1 survivors (1024K)
 Metaspace       used 126354K, capacity 130179K, committed 130384K, reserved 1163264K
  class space    used 15672K, capacity 17046K, committed 17152K, reserved 1048576K
GC Heap History (20 events):
Event: 585.983 GC heap after
{Heap after GC invocations=128 (full 0):
 garbage-first heap   total 273408K, used 227001K [0x0000000080000000, 0x0000000100000000)
  region size 1024K, 1 young (1024K), 1 survivors (1024K)
 Metaspace       used 119770K, capacity 123456K, committed 123472K, reserved 1157120K
  class space    used 15027K, capacity 16368K, committed 16384K, reserved 1048576K
}
Event: 586.097 GC heap before
{Heap before GC invocations=128 (full 0):
 garbage-first heap   total 273408K, used 230073K [0x0000000080000000, 0x0000000100000000)
  region size 1024K, 5 young (5120K), 1 survivors (1024K)
 Metaspace       used 119925K, capacity 123616K, committed 123856K, reserved 1157120K
  class space    used 15039K, capacity 16400K, committed 16512K, reserved 1048576K
}
Event: 586.107 GC heap after
{Heap after GC invocations=129 (full 0):
 garbage-first heap   total 273408K, used 227736K [0x0000000080000000, 0x0000000100000000)
  region size 1024K, 2 young (2048K), 2 survivors (2048K)
 Metaspace       used 119925K, capacity 123616K, committed 123856K, reserved 1157120K
  class space    used 15039K, capacity 16400K, committed 16512K, reserved 1048576K
}
Event: 586.575 GC heap before
{Heap before GC invocations=129 (full 0):
 garbage-first heap   total 273408K, used 247192K [0x0000000080000000, 0x0000000100000000)
  region size 1024K, 13 young (13312K), 2 survivors (2048K)
 Metaspace       used 120022K, capacity 123787K, committed 124112K, reserved 1157120K
  class space    used 15047K, capacity 16413K, committed 16512K, reserved 1048576K
}
Event: 586.588 GC heap after
{Heap after GC invocations=130 (full 0):
 garbage-first heap   total 273408K, used 229048K [0x0000000080000000, 0x0000000100000000)
  region size 1024K, 2 young (2048K), 2 survivors (2048K)
 Metaspace       used 120022K, capacity 123787K, committed 124112K, reserved 1157120K
  class space    used 15047K, capacity 16413K, committed 16512K, reserved 1048576K
}
Event: 586.811 GC heap before
{Heap before GC invocations=131 (full 0):
 garbage-first heap   total 273408K, used 239288K [0x0000000080000000, 0x0000000100000000)
  region size 1024K, 13 young (13312K), 2 survivors (2048K)
 Metaspace       used 120041K, capacity 123787K, committed 124112K, reserved 1157120K
  class space    used 15047K, capacity 16413K, committed 16512K, reserved 1048576K
}
Event: 586.825 GC heap after
{Heap after GC invocations=132 (full 0):
 garbage-first heap   total 328704K, used 230881K [0x0000000080000000, 0x0000000100000000)
  region size 1024K, 2 young (2048K), 2 survivors (2048K)
 Metaspace       used 120041K, capacity 123787K, committed 124112K, reserved 1157120K
  class space    used 15047K, capacity 16413K, committed 16512K, reserved 1048576K
}
Event: 587.410 GC heap before
{Heap before GC invocations=132 (full 0):
 garbage-first heap   total 328704K, used 245217K [0x0000000080000000, 0x0000000100000000)
  region size 1024K, 16 young (16384K), 2 survivors (2048K)
 Metaspace       used 122171K, capacity 125924K, committed 126160K, reserved 1159168K
  class space    used 15344K, capacity 16720K, committed 16768K, reserved 1048576K
}
Event: 587.418 GC heap after
{Heap after GC invocations=133 (full 0):
 garbage-first heap   total 328704K, used 231865K [0x0000000080000000, 0x0000000100000000)
  region size 1024K, 1 young (1024K), 1 survivors (1024K)
 Metaspace       used 122171K, capacity 125924K, committed 126160K, reserved 1159168K
  class space    used 15344K, capacity 16720K, committed 16768K, reserved 1048576K
}
Event: 587.763 GC heap before
{Heap before GC invocations=133 (full 0):
 garbage-first heap   total 328704K, used 245177K [0x0000000080000000, 0x0000000100000000)
  region size 1024K, 16 young (16384K), 1 survivors (1024K)
 Metaspace       used 122254K, capacity 126052K, committed 126160K, reserved 1159168K
  class space    used 15353K, capacity 16720K, committed 16768K, reserved 1048576K
}
Event: 587.774 GC heap after
{Heap after GC invocations=134 (full 0):
 garbage-first heap   total 328704K, used 237125K [0x0000000080000000, 0x0000000100000000)
  region size 1024K, 4 young (4096K), 4 survivors (4096K)
 Metaspace       used 122254K, capacity 126052K, committed 126160K, reserved 1159168K
  class space    used 15353K, capacity 16720K, committed 16768K, reserved 1048576K
}
Event: 588.466 GC heap before
{Heap before GC invocations=135 (full 0):
 garbage-first heap   total 328704K, used 280133K [0x0000000080000000, 0x0000000100000000)
  region size 1024K, 29 young (29696K), 4 survivors (4096K)
 Metaspace       used 122564K, capacity 126351K, committed 126416K, reserved 1159168K
  class space    used 15375K, capacity 16765K, committed 16768K, reserved 1048576K
}
Event: 588.477 GC heap after
{Heap after GC invocations=136 (full 0):
 garbage-first heap   total 328704K, used 241049K [0x0000000080000000, 0x0000000100000000)
  region size 1024K, 4 young (4096K), 4 survivors (4096K)
 Metaspace       used 122564K, capacity 126351K, committed 126416K, reserved 1159168K
  class space    used 15375K, capacity 16765K, committed 16768K, reserved 1048576K
}
Event: 589.151 GC heap before
{Heap before GC invocations=136 (full 0):
 garbage-first heap   total 328704K, used 265625K [0x0000000080000000, 0x0000000100000000)
  region size 1024K, 29 young (29696K), 4 survivors (4096K)
 Metaspace       used 125371K, capacity 129179K, committed 129232K, reserved 1161216K
  class space    used 15614K, capacity 17014K, committed 17024K, reserved 1048576K
}
Event: 589.161 GC heap after
{Heap after GC invocations=137 (full 0):
 garbage-first heap   total 328704K, used 244360K [0x0000000080000000, 0x0000000100000000)
  region size 1024K, 3 young (3072K), 3 survivors (3072K)
 Metaspace       used 125371K, capacity 129179K, committed 129232K, reserved 1161216K
  class space    used 15614K, capacity 17014K, committed 17024K, reserved 1048576K
}
Event: 589.876 GC heap before
{Heap before GC invocations=138 (full 0):
 garbage-first heap   total 328704K, used 253576K [0x0000000080000000, 0x0000000100000000)
  region size 1024K, 28 young (28672K), 3 survivors (3072K)
 Metaspace       used 125864K, capacity 129699K, committed 129744K, reserved 1163264K
  class space    used 15639K, capacity 17014K, committed 17024K, reserved 1048576K
}
Event: 589.885 GC heap after
{Heap after GC invocations=139 (full 0):
 garbage-first heap   total 328704K, used 233181K [0x0000000080000000, 0x0000000100000000)
  region size 1024K, 4 young (4096K), 4 survivors (4096K)
 Metaspace       used 125864K, capacity 129699K, committed 129744K, reserved 1163264K
  class space    used 15639K, capacity 17014K, committed 17024K, reserved 1048576K
}
Event: 590.044 GC heap before
{Heap before GC invocations=139 (full 0):
 garbage-first heap   total 328704K, used 245469K [0x0000000080000000, 0x0000000100000000)
  region size 1024K, 16 young (16384K), 4 survivors (4096K)
 Metaspace       used 125998K, capacity 129859K, committed 130128K, reserved 1163264K
  class space    used 15647K, capacity 17046K, committed 17152K, reserved 1048576K
}
Event: 590.057 GC heap after
{Heap after GC invocations=140 (full 0):
 garbage-first heap   total 328704K, used 216402K [0x0000000080000000, 0x0000000100000000)
  region size 1024K, 1 young (1024K), 1 survivors (1024K)
 Metaspace       used 125998K, capacity 129859K, committed 130128K, reserved 1163264K
  class space    used 15647K, capacity 17046K, committed 17152K, reserved 1048576K
}
Event: 590.578 GC heap before
{Heap before GC invocations=140 (full 0):
 garbage-first heap   total 328704K, used 251218K [0x0000000080000000, 0x0000000100000000)
  region size 1024K, 36 young (36864K), 1 survivors (1024K)
 Metaspace       used 126354K, capacity 130179K, committed 130384K, reserved 1163264K
  class space    used 15672K, capacity 17046K, committed 17152K, reserved 1048576K
}

