# JRE version: OpenJDK Runtime Environment (11.0.15) (build 11.0.15+0-b2043.56-9505619)
# Java VM: OpenJDK 64-Bit Server VM (11.0.15+0-b2043.56-9505619, mixed mode, tiered, compressed oops, g1 gc, windows-amd64)
Heap:
 garbage-first heap   total 481280K, used 300032K [0x0000000080000000, 0x0000000100000000)
  region size 1024K, 27 young (27648K), 4 survivors (4096K)
 Metaspace       used 139882K, capacity 144162K, committed 144284K, reserved 1175552K
  class space    used 17288K, capacity 18931K, committed 18968K, reserved 1048576K
GC Heap History (20 events):
Event: 195.524 GC heap before
{Heap before GC invocations=82 (full 0):
 garbage-first heap   total 413696K, used 358407K [0x0000000080000000, 0x0000000100000000)
  region size 1024K, 59 young (60416K), 3 survivors (3072K)
 Metaspace       used 126201K, capacity 130096K, committed 130332K, reserved 1163264K
  class space    used 15733K, capacity 17257K, committed 17304K, reserved 1048576K
}
Event: 195.531 GC heap after
{Heap after GC invocations=83 (full 0):
 garbage-first heap   total 413696K, used 302510K [0x0000000080000000, 0x0000000100000000)
  region size 1024K, 6 young (6144K), 6 survivors (6144K)
 Metaspace       used 126201K, capacity 130096K, committed 130332K, reserved 1163264K
  class space    used 15733K, capacity 17257K, committed 17304K, reserved 1048576K
}
Event: 196.828 GC heap before
{Heap before GC invocations=83 (full 0):
 garbage-first heap   total 413696K, used 360878K [0x0000000080000000, 0x0000000100000000)
  region size 1024K, 61 young (62464K), 6 survivors (6144K)
 Metaspace       used 132251K, capacity 136401K, committed 136476K, reserved 1167360K
  class space    used 16429K, capacity 18035K, committed 18072K, reserved 1048576K
}
Event: 196.847 GC heap after
{Heap after GC invocations=84 (full 0):
 garbage-first heap   total 413696K, used 310788K [0x0000000080000000, 0x0000000100000000)
  region size 1024K, 8 young (8192K), 8 survivors (8192K)
 Metaspace       used 132251K, capacity 136401K, committed 136476K, reserved 1167360K
  class space    used 16429K, capacity 18035K, committed 18072K, reserved 1048576K
}
Event: 197.592 GC heap before
{Heap before GC invocations=84 (full 0):
 garbage-first heap   total 413696K, used 356868K [0x0000000080000000, 0x0000000100000000)
  region size 1024K, 52 young (53248K), 8 survivors (8192K)
 Metaspace       used 135374K, capacity 139551K, committed 139804K, reserved 1171456K
  class space    used 16678K, capacity 18295K, committed 18328K, reserved 1048576K
}
Event: 197.626 GC heap after
{Heap after GC invocations=85 (full 0):
 garbage-first heap   total 413696K, used 342349K [0x0000000080000000, 0x0000000100000000)
  region size 1024K, 7 young (7168K), 7 survivors (7168K)
 Metaspace       used 135374K, capacity 139551K, committed 139804K, reserved 1171456K
  class space    used 16678K, capacity 18295K, committed 18328K, reserved 1048576K
}
Event: 197.703 GC heap before
{Heap before GC invocations=85 (full 0):
 garbage-first heap   total 413696K, used 355661K [0x0000000080000000, 0x0000000100000000)
  region size 1024K, 20 young (20480K), 7 survivors (7168K)
 Metaspace       used 135376K, capacity 139551K, committed 139804K, reserved 1171456K
  class space    used 16678K, capacity 18295K, committed 18328K, reserved 1048576K
}
Event: 197.729 GC heap after
{Heap after GC invocations=86 (full 0):
 garbage-first heap   total 413696K, used 355840K [0x0000000080000000, 0x0000000100000000)
  region size 1024K, 3 young (3072K), 3 survivors (3072K)
 Metaspace       used 135376K, capacity 139551K, committed 139804K, reserved 1171456K
  class space    used 16678K, capacity 18295K, committed 18328K, reserved 1048576K
}
Event: 198.049 GC heap before
{Heap before GC invocations=86 (full 0):
 garbage-first heap   total 413696K, used 372224K [0x0000000080000000, 0x0000000100000000)
  region size 1024K, 20 young (20480K), 3 survivors (3072K)
 Metaspace       used 136818K, capacity 141011K, committed 141340K, reserved 1171456K
  class space    used 16849K, capacity 18460K, committed 18584K, reserved 1048576K
}
Event: 198.061 GC heap after
{Heap after GC invocations=87 (full 0):
 garbage-first heap   total 413696K, used 361984K [0x0000000080000000, 0x0000000100000000)
  region size 1024K, 3 young (3072K), 3 survivors (3072K)
 Metaspace       used 136818K, capacity 141011K, committed 141340K, reserved 1171456K
  class space    used 16849K, capacity 18460K, committed 18584K, reserved 1048576K
}
Event: 198.465 GC heap before
{Heap before GC invocations=88 (full 0):
 garbage-first heap   total 413696K, used 271872K [0x0000000080000000, 0x0000000100000000)
  region size 1024K, 20 young (20480K), 3 survivors (3072K)
 Metaspace       used 138773K, capacity 142930K, committed 143132K, reserved 1173504K
  class space    used 17111K, capacity 18711K, committed 18840K, reserved 1048576K
}
Event: 198.473 GC heap after
{Heap after GC invocations=89 (full 0):
 garbage-first heap   total 413696K, used 258937K [0x0000000080000000, 0x0000000100000000)
  region size 1024K, 3 young (3072K), 3 survivors (3072K)
 Metaspace       used 138773K, capacity 142930K, committed 143132K, reserved 1173504K
  class space    used 17111K, capacity 18711K, committed 18840K, reserved 1048576K
}
Event: 198.554 GC heap before
{Heap before GC invocations=89 (full 0):
 garbage-first heap   total 413696K, used 276345K [0x0000000080000000, 0x0000000100000000)
  region size 1024K, 20 young (20480K), 3 survivors (3072K)
 Metaspace       used 138773K, capacity 142930K, committed 143132K, reserved 1173504K
  class space    used 17111K, capacity 18711K, committed 18840K, reserved 1048576K
}
Event: 198.575 GC heap after
{Heap after GC invocations=90 (full 0):
 garbage-first heap   total 413696K, used 234496K [0x0000000080000000, 0x0000000100000000)
  region size 1024K, 3 young (3072K), 3 survivors (3072K)
 Metaspace       used 138773K, capacity 142930K, committed 143132K, reserved 1173504K
  class space    used 17111K, capacity 18711K, committed 18840K, reserved 1048576K
}
Event: 198.645 GC heap before
{Heap before GC invocations=90 (full 0):
 garbage-first heap   total 413696K, used 251904K [0x0000000080000000, 0x0000000100000000)
  region size 1024K, 20 young (20480K), 3 survivors (3072K)
 Metaspace       used 138773K, capacity 142930K, committed 143132K, reserved 1173504K
  class space    used 17111K, capacity 18711K, committed 18840K, reserved 1048576K
}
Event: 198.676 GC heap after
{Heap after GC invocations=91 (full 0):
 garbage-first heap   total 413696K, used 215552K [0x0000000080000000, 0x0000000100000000)
  region size 1024K, 3 young (3072K), 3 survivors (3072K)
 Metaspace       used 138773K, capacity 142930K, committed 143132K, reserved 1173504K
  class space    used 17111K, capacity 18711K, committed 18840K, reserved 1048576K
}
Event: 198.758 GC heap before
{Heap before GC invocations=91 (full 0):
 garbage-first heap   total 413696K, used 232960K [0x0000000080000000, 0x0000000100000000)
  region size 1024K, 20 young (20480K), 3 survivors (3072K)
 Metaspace       used 138777K, capacity 142930K, committed 143132K, reserved 1173504K
  class space    used 17111K, capacity 18711K, committed 18840K, reserved 1048576K
}
Event: 198.789 GC heap after
{Heap after GC invocations=92 (full 0):
 garbage-first heap   total 481280K, used 229376K [0x0000000080000000, 0x0000000100000000)
  region size 1024K, 3 young (3072K), 3 survivors (3072K)
 Metaspace       used 138777K, capacity 142930K, committed 143132K, reserved 1173504K
  class space    used 17111K, capacity 18711K, committed 18840K, reserved 1048576K
}
Event: 228.372 GC heap before
{Heap before GC invocations=92 (full 0):
 garbage-first heap   total 481280K, used 299008K [0x0000000080000000, 0x0000000100000000)
  region size 1024K, 71 young (72704K), 3 survivors (3072K)
 Metaspace       used 139060K, capacity 143181K, committed 143388K, reserved 1173504K
  class space    used 17136K, capacity 18724K, committed 18840K, reserved 1048576K
}
Event: 228.385 GC heap after
{Heap after GC invocations=93 (full 0):
 garbage-first heap   total 481280K, used 230400K [0x0000000080000000, 0x0000000100000000)
  region size 1024K, 4 young (4096K), 4 survivors (4096K)
 Metaspace       used 139060K, capacity 143181K, committed 143388K, reserved 1173504K
  class space    used 17136K, capacity 18724K, committed 18840K, reserved 1048576K
}

