# JRE version: OpenJDK Runtime Environment (11.0.15) (build 11.0.15+0-b2043.56-9505619)
# Java VM: OpenJDK 64-Bit Server VM (11.0.15+0-b2043.56-9505619, mixed mode, tiered, compressed oops, g1 gc, windows-amd64)
Heap:
 garbage-first heap   total 550912K, used 416153K [0x0000000080000000, 0x0000000100000000)
  region size 1024K, 34 young (34816K), 3 survivors (3072K)
 Metaspace       used 151710K, capacity 156333K, committed 156496K, reserved 1185792K
  class space    used 19061K, capacity 20795K, committed 20896K, reserved 1048576K
GC Heap History (20 events):
Event: 54.321 GC heap before
{Heap before GC invocations=81 (full 0):
 garbage-first heap   total 395264K, used 316939K [0x0000000080000000, 0x0000000100000000)
  region size 1024K, 75 young (76800K), 10 survivors (10240K)
 Metaspace       used 139833K, capacity 144002K, committed 144080K, reserved 1173504K
  class space    used 17825K, capacity 19452K, committed 19488K, reserved 1048576K
}
Event: 54.388 GC heap after
{Heap after GC invocations=82 (full 0):
 garbage-first heap   total 395264K, used 281155K [0x0000000080000000, 0x0000000100000000)
  region size 1024K, 10 young (10240K), 10 survivors (10240K)
 Metaspace       used 139833K, capacity 144002K, committed 144080K, reserved 1173504K
  class space    used 17825K, capacity 19452K, committed 19488K, reserved 1048576K
}
Event: 54.839 GC heap before
{Heap before GC invocations=82 (full 0):
 garbage-first heap   total 395264K, used 322115K [0x0000000080000000, 0x0000000100000000)
  region size 1024K, 51 young (52224K), 10 survivors (10240K)
 Metaspace       used 142198K, capacity 146555K, committed 146768K, reserved 1175552K
  class space    used 18157K, capacity 19801K, committed 19872K, reserved 1048576K
}
Event: 54.871 GC heap after
{Heap after GC invocations=83 (full 0):
 garbage-first heap   total 395264K, used 289280K [0x0000000080000000, 0x0000000100000000)
  region size 1024K, 7 young (7168K), 7 survivors (7168K)
 Metaspace       used 142198K, capacity 146555K, committed 146768K, reserved 1175552K
  class space    used 18157K, capacity 19801K, committed 19872K, reserved 1048576K
}
Event: 55.276 GC heap before
{Heap before GC invocations=83 (full 0):
 garbage-first heap   total 395264K, used 329216K [0x0000000080000000, 0x0000000100000000)
  region size 1024K, 45 young (46080K), 7 survivors (7168K)
 Metaspace       used 145353K, capacity 149822K, committed 149968K, reserved 1179648K
  class space    used 18500K, capacity 20180K, committed 20256K, reserved 1048576K
}
Event: 55.295 GC heap after
{Heap after GC invocations=84 (full 0):
 garbage-first heap   total 395264K, used 297687K [0x0000000080000000, 0x0000000100000000)
  region size 1024K, 6 young (6144K), 6 survivors (6144K)
 Metaspace       used 145353K, capacity 149822K, committed 149968K, reserved 1179648K
  class space    used 18500K, capacity 20180K, committed 20256K, reserved 1048576K
}
Event: 55.608 GC heap before
{Heap before GC invocations=84 (full 0):
 garbage-first heap   total 395264K, used 334551K [0x0000000080000000, 0x0000000100000000)
  region size 1024K, 41 young (41984K), 6 survivors (6144K)
 Metaspace       used 145456K, capacity 150021K, committed 150224K, reserved 1179648K
  class space    used 18504K, capacity 20182K, committed 20256K, reserved 1048576K
}
Event: 55.631 GC heap after
{Heap after GC invocations=85 (full 0):
 garbage-first heap   total 395264K, used 303045K [0x0000000080000000, 0x0000000100000000)
  region size 1024K, 4 young (4096K), 4 survivors (4096K)
 Metaspace       used 145456K, capacity 150021K, committed 150224K, reserved 1179648K
  class space    used 18504K, capacity 20182K, committed 20256K, reserved 1048576K
}
Event: 56.051 GC heap before
{Heap before GC invocations=85 (full 0):
 garbage-first heap   total 395264K, used 339909K [0x0000000080000000, 0x0000000100000000)
  region size 1024K, 37 young (37888K), 4 survivors (4096K)
 Metaspace       used 146080K, capacity 150580K, committed 150736K, reserved 1179648K
  class space    used 18546K, capacity 20236K, committed 20256K, reserved 1048576K
}
Event: 56.076 GC heap after
{Heap after GC invocations=86 (full 0):
 garbage-first heap   total 472064K, used 312480K [0x0000000080000000, 0x0000000100000000)
  region size 1024K, 5 young (5120K), 5 survivors (5120K)
 Metaspace       used 146080K, capacity 150580K, committed 150736K, reserved 1179648K
  class space    used 18546K, capacity 20236K, committed 20256K, reserved 1048576K
}
Event: 56.873 GC heap before
{Heap before GC invocations=86 (full 0):
 garbage-first heap   total 472064K, used 372896K [0x0000000080000000, 0x0000000100000000)
  region size 1024K, 62 young (63488K), 5 survivors (5120K)
 Metaspace       used 149727K, capacity 154345K, committed 154448K, reserved 1183744K
  class space    used 18834K, capacity 20573K, committed 20640K, reserved 1048576K
}
Event: 56.895 GC heap after
{Heap after GC invocations=87 (full 0):
 garbage-first heap   total 472064K, used 331505K [0x0000000080000000, 0x0000000100000000)
  region size 1024K, 8 young (8192K), 8 survivors (8192K)
 Metaspace       used 149727K, capacity 154345K, committed 154448K, reserved 1183744K
  class space    used 18834K, capacity 20573K, committed 20640K, reserved 1048576K
}
Event: 57.153 GC heap before
{Heap before GC invocations=87 (full 0):
 garbage-first heap   total 472064K, used 382705K [0x0000000080000000, 0x0000000100000000)
  region size 1024K, 56 young (57344K), 8 survivors (8192K)
 Metaspace       used 149920K, capacity 154590K, committed 154704K, reserved 1183744K
  class space    used 18849K, capacity 20610K, committed 20640K, reserved 1048576K
}
Event: 57.179 GC heap after
{Heap after GC invocations=88 (full 0):
 garbage-first heap   total 472064K, used 358400K [0x0000000080000000, 0x0000000100000000)
  region size 1024K, 7 young (7168K), 7 survivors (7168K)
 Metaspace       used 149920K, capacity 154590K, committed 154704K, reserved 1183744K
  class space    used 18849K, capacity 20610K, committed 20640K, reserved 1048576K
}
Event: 57.262 GC heap before
{Heap before GC invocations=88 (full 0):
 garbage-first heap   total 472064K, used 392192K [0x0000000080000000, 0x0000000100000000)
  region size 1024K, 40 young (40960K), 7 survivors (7168K)
 Metaspace       used 149920K, capacity 154590K, committed 154704K, reserved 1183744K
  class space    used 18849K, capacity 20610K, committed 20640K, reserved 1048576K
}
Event: 57.294 GC heap after
{Heap after GC invocations=89 (full 0):
 garbage-first heap   total 472064K, used 371200K [0x0000000080000000, 0x0000000100000000)
  region size 1024K, 5 young (5120K), 5 survivors (5120K)
 Metaspace       used 149920K, capacity 154590K, committed 154704K, reserved 1183744K
  class space    used 18849K, capacity 20610K, committed 20640K, reserved 1048576K
}
Event: 57.400 GC heap before
{Heap before GC invocations=89 (full 0):
 garbage-first heap   total 472064K, used 392704K [0x0000000080000000, 0x0000000100000000)
  region size 1024K, 27 young (27648K), 5 survivors (5120K)
 Metaspace       used 150077K, capacity 154719K, committed 154960K, reserved 1183744K
  class space    used 18866K, capacity 20610K, committed 20640K, reserved 1048576K
}
Event: 57.424 GC heap after
{Heap after GC invocations=90 (full 0):
 garbage-first heap   total 472064K, used 383488K [0x0000000080000000, 0x0000000100000000)
  region size 1024K, 4 young (4096K), 4 survivors (4096K)
 Metaspace       used 150077K, capacity 154719K, committed 154960K, reserved 1183744K
  class space    used 18866K, capacity 20610K, committed 20640K, reserved 1048576K
}
Event: 57.720 GC heap before
{Heap before GC invocations=90 (full 0):
 garbage-first heap   total 472064K, used 410112K [0x0000000080000000, 0x0000000100000000)
  region size 1024K, 23 young (23552K), 4 survivors (4096K)
 Metaspace       used 150507K, capacity 155097K, committed 155344K, reserved 1183744K
  class space    used 18906K, capacity 20642K, committed 20768K, reserved 1048576K
}
Event: 57.737 GC heap after
{Heap after GC invocations=91 (full 0):
 garbage-first heap   total 550912K, used 393625K [0x0000000080000000, 0x0000000100000000)
  region size 1024K, 3 young (3072K), 3 survivors (3072K)
 Metaspace       used 150507K, capacity 155097K, committed 155344K, reserved 1183744K
  class space    used 18906K, capacity 20642K, committed 20768K, reserved 1048576K
}

