# JRE version: OpenJDK Runtime Environment (11.0.15) (build 11.0.15+0-b2043.56-9505619)
# Java VM: OpenJDK 64-Bit Server VM (11.0.15+0-b2043.56-9505619, mixed mode, tiered, compressed oops, g1 gc, windows-amd64)
Heap:
 garbage-first heap   total 507904K, used 206997K [0x0000000080000000, 0x0000000100000000)
  region size 1024K, 14 young (14336K), 7 survivors (7168K)
 Metaspace       used 128240K, capacity 132016K, committed 132508K, reserved 1163264K
  class space    used 16263K, capacity 17765K, committed 17944K, reserved 1048576K
GC Heap History (20 events):
Event: 35.172 GC heap before
{Heap before GC invocations=39 (full 0):
 garbage-first heap   total 273408K, used 124507K [0x0000000080000000, 0x0000000100000000)
  region size 1024K, 13 young (13312K), 1 survivors (1024K)
 Metaspace       used 102553K, capacity 105226K, committed 105500K, reserved 1140736K
  class space    used 12937K, capacity 13956K, committed 13976K, reserved 1048576K
}
Event: 35.178 GC heap after
{Heap after GC invocations=40 (full 0):
 garbage-first heap   total 273408K, used 108905K [0x0000000080000000, 0x0000000100000000)
  region size 1024K, 2 young (2048K), 2 survivors (2048K)
 Metaspace       used 102553K, capacity 105226K, committed 105500K, reserved 1140736K
  class space    used 12937K, capacity 13956K, committed 13976K, reserved 1048576K
}
Event: 36.077 GC heap before
{Heap before GC invocations=40 (full 0):
 garbage-first heap   total 273408K, used 169321K [0x0000000080000000, 0x0000000100000000)
  region size 1024K, 62 young (63488K), 2 survivors (2048K)
 Metaspace       used 102831K, capacity 105614K, committed 105884K, reserved 1140736K
  class space    used 12988K, capacity 14016K, committed 14104K, reserved 1048576K
}
Event: 36.087 GC heap after
{Heap after GC invocations=41 (full 0):
 garbage-first heap   total 328704K, used 111722K [0x0000000080000000, 0x0000000100000000)
  region size 1024K, 4 young (4096K), 4 survivors (4096K)
 Metaspace       used 102831K, capacity 105614K, committed 105884K, reserved 1140736K
  class space    used 12988K, capacity 14016K, committed 14104K, reserved 1048576K
}
Event: 37.447 GC heap before
{Heap before GC invocations=41 (full 0):
 garbage-first heap   total 328704K, used 200810K [0x0000000080000000, 0x0000000100000000)
  region size 1024K, 92 young (94208K), 4 survivors (4096K)
 Metaspace       used 104187K, capacity 107057K, committed 107164K, reserved 1142784K
  class space    used 13173K, capacity 14254K, committed 14360K, reserved 1048576K
}
Event: 37.465 GC heap after
{Heap after GC invocations=42 (full 0):
 garbage-first heap   total 328704K, used 114252K [0x0000000080000000, 0x0000000100000000)
  region size 1024K, 7 young (7168K), 7 survivors (7168K)
 Metaspace       used 104187K, capacity 107057K, committed 107164K, reserved 1142784K
  class space    used 13173K, capacity 14254K, committed 14360K, reserved 1048576K
}
Event: 38.540 GC heap before
{Heap before GC invocations=42 (full 0):
 garbage-first heap   total 328704K, used 229964K [0x0000000080000000, 0x0000000100000000)
  region size 1024K, 103 young (105472K), 7 survivors (7168K)
 Metaspace       used 111501K, capacity 114556K, committed 114716K, reserved 1148928K
  class space    used 14209K, capacity 15400K, committed 15512K, reserved 1048576K
}
Event: 38.576 GC heap after
{Heap after GC invocations=43 (full 0):
 garbage-first heap   total 328704K, used 146083K [0x0000000080000000, 0x0000000100000000)
  region size 1024K, 13 young (13312K), 13 survivors (13312K)
 Metaspace       used 111501K, capacity 114556K, committed 114716K, reserved 1148928K
  class space    used 14209K, capacity 15400K, committed 15512K, reserved 1048576K
}
Event: 39.424 GC heap before
{Heap before GC invocations=43 (full 0):
 garbage-first heap   total 328704K, used 229027K [0x0000000080000000, 0x0000000100000000)
  region size 1024K, 95 young (97280K), 13 survivors (13312K)
 Metaspace       used 116394K, capacity 119789K, committed 119964K, reserved 1153024K
  class space    used 15046K, capacity 16372K, committed 16408K, reserved 1048576K
}
Event: 39.512 GC heap after
{Heap after GC invocations=44 (full 0):
 garbage-first heap   total 328704K, used 177152K [0x0000000080000000, 0x0000000100000000)
  region size 1024K, 12 young (12288K), 12 survivors (12288K)
 Metaspace       used 116394K, capacity 119789K, committed 119964K, reserved 1153024K
  class space    used 15046K, capacity 16372K, committed 16408K, reserved 1048576K
}
Event: 40.314 GC heap before
{Heap before GC invocations=44 (full 0):
 garbage-first heap   total 328704K, used 240640K [0x0000000080000000, 0x0000000100000000)
  region size 1024K, 75 young (76800K), 12 survivors (12288K)
 Metaspace       used 118693K, capacity 122281K, committed 122396K, reserved 1155072K
  class space    used 15335K, capacity 16727K, committed 16792K, reserved 1048576K
}
Event: 40.375 GC heap after
{Heap after GC invocations=45 (full 0):
 garbage-first heap   total 507904K, used 188928K [0x0000000080000000, 0x0000000100000000)
  region size 1024K, 10 young (10240K), 10 survivors (10240K)
 Metaspace       used 118693K, capacity 122281K, committed 122396K, reserved 1155072K
  class space    used 15335K, capacity 16727K, committed 16792K, reserved 1048576K
}
Event: 43.325 GC heap before
{Heap before GC invocations=46 (full 0):
 garbage-first heap   total 507904K, used 314880K [0x0000000080000000, 0x0000000100000000)
  region size 1024K, 130 young (133120K), 10 survivors (10240K)
 Metaspace       used 121171K, capacity 124963K, committed 125212K, reserved 1157120K
  class space    used 15552K, capacity 17031K, committed 17048K, reserved 1048576K
}
Event: 43.367 GC heap after
{Heap after GC invocations=47 (full 0):
 garbage-first heap   total 507904K, used 204157K [0x0000000080000000, 0x0000000100000000)
  region size 1024K, 14 young (14336K), 14 survivors (14336K)
 Metaspace       used 121171K, capacity 124963K, committed 125212K, reserved 1157120K
  class space    used 15552K, capacity 17031K, committed 17048K, reserved 1048576K
}
Event: 43.600 GC heap before
{Heap before GC invocations=47 (full 0):
 garbage-first heap   total 507904K, used 214397K [0x0000000080000000, 0x0000000100000000)
  region size 1024K, 24 young (24576K), 14 survivors (14336K)
 Metaspace       used 121210K, capacity 125029K, committed 125212K, reserved 1157120K
  class space    used 15552K, capacity 17031K, committed 17048K, reserved 1048576K
}
Event: 43.631 GC heap after
{Heap after GC invocations=48 (full 0):
 garbage-first heap   total 507904K, used 200768K [0x0000000080000000, 0x0000000100000000)
  region size 1024K, 3 young (3072K), 3 survivors (3072K)
 Metaspace       used 121210K, capacity 125029K, committed 125212K, reserved 1157120K
  class space    used 15552K, capacity 17031K, committed 17048K, reserved 1048576K
}
Event: 45.555 GC heap before
{Heap before GC invocations=48 (full 0):
 garbage-first heap   total 507904K, used 345152K [0x0000000080000000, 0x0000000100000000)
  region size 1024K, 133 young (136192K), 3 survivors (3072K)
 Metaspace       used 122070K, capacity 125874K, committed 126108K, reserved 1159168K
  class space    used 15562K, capacity 17071K, committed 17176K, reserved 1048576K
}
Event: 45.575 GC heap after
{Heap after GC invocations=49 (full 0):
 garbage-first heap   total 507904K, used 216534K [0x0000000080000000, 0x0000000100000000)
  region size 1024K, 7 young (7168K), 7 survivors (7168K)
 Metaspace       used 122070K, capacity 125874K, committed 126108K, reserved 1159168K
  class space    used 15562K, capacity 17071K, committed 17176K, reserved 1048576K
}
Event: 49.304 GC heap before
{Heap before GC invocations=49 (full 0):
 garbage-first heap   total 507904K, used 352726K [0x0000000080000000, 0x0000000100000000)
  region size 1024K, 123 young (125952K), 7 survivors (7168K)
 Metaspace       used 127890K, capacity 131935K, committed 132252K, reserved 1163264K
  class space    used 16260K, capacity 17826K, committed 17944K, reserved 1048576K
}
Event: 49.320 GC heap after
{Heap after GC invocations=50 (full 0):
 garbage-first heap   total 507904K, used 212117K [0x0000000080000000, 0x0000000100000000)
  region size 1024K, 7 young (7168K), 7 survivors (7168K)
 Metaspace       used 127890K, capacity 131935K, committed 132252K, reserved 1163264K
  class space    used 16260K, capacity 17826K, committed 17944K, reserved 1048576K
}

