# JRE version: OpenJDK Runtime Environment (11.0.15) (build 11.0.15+0-b2043.56-9505619)
# Java VM: OpenJDK 64-Bit Server VM (11.0.15+0-b2043.56-9505619, mixed mode, tiered, compressed oops, g1 gc, windows-amd64)
Heap:
 garbage-first heap   total 227328K, used 159296K [0x0000000080000000, 0x0000000100000000)
  region size 1024K, 38 young (38912K), 3 survivors (3072K)
 Metaspace       used 127212K, capacity 130731K, committed 130972K, reserved 1163264K
  class space    used 15928K, capacity 17312K, committed 17432K, reserved 1048576K
GC Heap History (20 events):
Event: 45.994 GC heap before
{Heap before GC invocations=39 (full 0):
 garbage-first heap   total 227328K, used 184394K [0x0000000080000000, 0x0000000100000000)
  region size 1024K, 67 young (68608K), 7 survivors (7168K)
 Metaspace       used 124289K, capacity 127485K, committed 128028K, reserved 1161216K
  class space    used 15579K, capacity 16851K, committed 17048K, reserved 1048576K
}
Event: 46.015 GC heap after
{Heap after GC invocations=40 (full 0):
 garbage-first heap   total 227328K, used 123643K [0x0000000080000000, 0x0000000100000000)
  region size 1024K, 1 young (1024K), 1 survivors (1024K)
 Metaspace       used 124289K, capacity 127485K, committed 128028K, reserved 1161216K
  class space    used 15579K, capacity 16851K, committed 17048K, reserved 1048576K
}
Event: 46.223 GC heap before
{Heap before GC invocations=40 (full 0):
 garbage-first heap   total 227328K, used 133883K [0x0000000080000000, 0x0000000100000000)
  region size 1024K, 11 young (11264K), 1 survivors (1024K)
 Metaspace       used 124657K, capacity 127930K, committed 128284K, reserved 1161216K
  class space    used 15628K, capacity 16915K, committed 17048K, reserved 1048576K
}
Event: 46.231 GC heap after
{Heap after GC invocations=41 (full 0):
 garbage-first heap   total 227328K, used 123267K [0x0000000080000000, 0x0000000100000000)
  region size 1024K, 1 young (1024K), 1 survivors (1024K)
 Metaspace       used 124657K, capacity 127930K, committed 128284K, reserved 1161216K
  class space    used 15628K, capacity 16915K, committed 17048K, reserved 1048576K
}
Event: 47.293 GC heap before
{Heap before GC invocations=41 (full 0):
 garbage-first heap   total 227328K, used 187779K [0x0000000080000000, 0x0000000100000000)
  region size 1024K, 64 young (65536K), 1 survivors (1024K)
 Metaspace       used 126397K, capacity 129815K, committed 130076K, reserved 1163264K
  class space    used 15875K, capacity 17230K, committed 17304K, reserved 1048576K
}
Event: 47.299 GC heap after
{Heap after GC invocations=42 (full 0):
 garbage-first heap   total 227328K, used 123931K [0x0000000080000000, 0x0000000100000000)
  region size 1024K, 2 young (2048K), 2 survivors (2048K)
 Metaspace       used 126397K, capacity 129815K, committed 130076K, reserved 1163264K
  class space    used 15875K, capacity 17230K, committed 17304K, reserved 1048576K
}
Event: 48.562 GC heap before
{Heap before GC invocations=43 (full 0):
 garbage-first heap   total 227328K, used 189467K [0x0000000080000000, 0x0000000100000000)
  region size 1024K, 66 young (67584K), 2 survivors (2048K)
 Metaspace       used 126485K, capacity 129939K, committed 130076K, reserved 1163264K
  class space    used 15874K, capacity 17245K, committed 17304K, reserved 1048576K
}
Event: 48.569 GC heap after
{Heap after GC invocations=44 (full 0):
 garbage-first heap   total 227328K, used 123734K [0x0000000080000000, 0x0000000100000000)
  region size 1024K, 2 young (2048K), 2 survivors (2048K)
 Metaspace       used 126485K, capacity 129939K, committed 130076K, reserved 1163264K
  class space    used 15874K, capacity 17245K, committed 17304K, reserved 1048576K
}
Event: 48.686 GC heap before
{Heap before GC invocations=44 (full 0):
 garbage-first heap   total 227328K, used 132950K [0x0000000080000000, 0x0000000100000000)
  region size 1024K, 11 young (11264K), 2 survivors (2048K)
 Metaspace       used 126489K, capacity 129939K, committed 130076K, reserved 1163264K
  class space    used 15874K, capacity 17245K, committed 17304K, reserved 1048576K
}
Event: 48.691 GC heap after
{Heap after GC invocations=45 (full 0):
 garbage-first heap   total 227328K, used 122928K [0x0000000080000000, 0x0000000100000000)
  region size 1024K, 1 young (1024K), 1 survivors (1024K)
 Metaspace       used 126489K, capacity 129939K, committed 130076K, reserved 1163264K
  class space    used 15874K, capacity 17245K, committed 17304K, reserved 1048576K
}
Event: 49.315 GC heap before
{Heap before GC invocations=45 (full 0):
 garbage-first heap   total 227328K, used 190512K [0x0000000080000000, 0x0000000100000000)
  region size 1024K, 68 young (69632K), 1 survivors (1024K)
 Metaspace       used 126948K, capacity 130406K, committed 130716K, reserved 1163264K
  class space    used 15914K, capacity 17293K, committed 17432K, reserved 1048576K
}
Event: 49.323 GC heap after
{Heap after GC invocations=46 (full 0):
 garbage-first heap   total 227328K, used 125798K [0x0000000080000000, 0x0000000100000000)
  region size 1024K, 4 young (4096K), 4 survivors (4096K)
 Metaspace       used 126948K, capacity 130406K, committed 130716K, reserved 1163264K
  class space    used 15914K, capacity 17293K, committed 17432K, reserved 1048576K
}
Event: 50.065 GC heap before
{Heap before GC invocations=46 (full 0):
 garbage-first heap   total 227328K, used 191334K [0x0000000080000000, 0x0000000100000000)
  region size 1024K, 69 young (70656K), 4 survivors (4096K)
 Metaspace       used 127096K, capacity 130653K, committed 130972K, reserved 1163264K
  class space    used 15928K, capacity 17311K, committed 17432K, reserved 1048576K
}
Event: 50.070 GC heap after
{Heap after GC invocations=47 (full 0):
 garbage-first heap   total 227328K, used 123532K [0x0000000080000000, 0x0000000100000000)
  region size 1024K, 2 young (2048K), 2 survivors (2048K)
 Metaspace       used 127096K, capacity 130653K, committed 130972K, reserved 1163264K
  class space    used 15928K, capacity 17311K, committed 17432K, reserved 1048576K
}
Event: 50.995 GC heap before
{Heap before GC invocations=47 (full 0):
 garbage-first heap   total 227328K, used 192140K [0x0000000080000000, 0x0000000100000000)
  region size 1024K, 69 young (70656K), 2 survivors (2048K)
 Metaspace       used 127128K, capacity 130661K, committed 130972K, reserved 1163264K
  class space    used 15928K, capacity 17312K, committed 17432K, reserved 1048576K
}
Event: 51.001 GC heap after
{Heap after GC invocations=48 (full 0):
 garbage-first heap   total 227328K, used 123631K [0x0000000080000000, 0x0000000100000000)
  region size 1024K, 2 young (2048K), 2 survivors (2048K)
 Metaspace       used 127128K, capacity 130661K, committed 130972K, reserved 1163264K
  class space    used 15928K, capacity 17312K, committed 17432K, reserved 1048576K
}
Event: 51.809 GC heap before
{Heap before GC invocations=48 (full 0):
 garbage-first heap   total 227328K, used 193263K [0x0000000080000000, 0x0000000100000000)
  region size 1024K, 70 young (71680K), 2 survivors (2048K)
 Metaspace       used 127158K, capacity 130729K, committed 130972K, reserved 1163264K
  class space    used 15928K, capacity 17312K, committed 17432K, reserved 1048576K
}
Event: 51.818 GC heap after
{Heap after GC invocations=49 (full 0):
 garbage-first heap   total 227328K, used 124034K [0x0000000080000000, 0x0000000100000000)
  region size 1024K, 3 young (3072K), 3 survivors (3072K)
 Metaspace       used 127158K, capacity 130729K, committed 130972K, reserved 1163264K
  class space    used 15928K, capacity 17312K, committed 17432K, reserved 1048576K
}
Event: 52.407 GC heap before
{Heap before GC invocations=49 (full 0):
 garbage-first heap   total 227328K, used 193666K [0x0000000080000000, 0x0000000100000000)
  region size 1024K, 71 young (72704K), 3 survivors (3072K)
 Metaspace       used 127176K, capacity 130729K, committed 130972K, reserved 1163264K
  class space    used 15928K, capacity 17312K, committed 17432K, reserved 1048576K
}
Event: 52.414 GC heap after
{Heap after GC invocations=50 (full 0):
 garbage-first heap   total 227328K, used 124334K [0x0000000080000000, 0x0000000100000000)
  region size 1024K, 3 young (3072K), 3 survivors (3072K)
 Metaspace       used 127176K, capacity 130729K, committed 130972K, reserved 1163264K
  class space    used 15928K, capacity 17312K, committed 17432K, reserved 1048576K
}

